INFO:root:{u'name': u'Sugar', u'parameters': [{u'name': u'Shop name', u'value': u'Prisma'}, {u'name': u'Weight', u'value': u'1 kg'}, {u'name': u'Price', u'value': u'50 p'}]}
INFO:werkzeug: * Running on http://localhost:4000/ (Press CTRL+C to quit)
INFO:root:{u'products': {u'eatable': [{u'name': u'Sugar', u'parameters': [{u'name': u'Shop name', u'value': u'Prisma'}, {u'name': u'Weight', u'value': u'1 kg'}, {u'name': u'Price', u'value': u'50 p'}]}, {u'name': u'Milk', u'parameters': [{u'name': u'Shop name', u'value': u'Lenta'}, {u'name': u'Volume', u'value': u'1 l'}, {u'name': u'Price', u'value': u'49,90 p'}]}, {u'name': u'Bread', u'parameters': [{u'name': u'Shop name', u'value': u'Prisma'}, {u'name': u'Number', u'value': u'1 '}, {u'name': u'Price', u'value': u'15 p'}, {u'name': u'Name', u'value': u'Darnitckii'}]}]}}
INFO:werkzeug: * Running on http://localhost:4000/ (Press CTRL+C to quit)
INFO:root:{u'products': {u'eatable': [{u'name': u'Sugar', u'parameters': [{u'name': u'Shop name', u'value': u'Prisma'}, {u'name': u'Weight', u'value': u'1 kg'}, {u'name': u'Price', u'value': u'50 p'}]}, {u'name': u'Milk', u'parameters': [{u'name': u'Shop name', u'value': u'Lenta'}, {u'name': u'Volume', u'value': u'1 l'}, {u'name': u'Price', u'value': u'49,90 p'}]}, {u'name': u'Bread', u'parameters': [{u'name': u'Shop name', u'value': u'Prisma'}, {u'name': u'Number', u'value': u'1 '}, {u'name': u'Price', u'value': u'15 p'}, {u'name': u'Name', u'value': u'Darnitckii'}]}]}}
INFO:werkzeug: * Running on http://localhost:4000/ (Press CTRL+C to quit)
INFO:root:{u'products': {u'eatable': [{u'name': u'Sugar', u'parameters': [{u'name': u'Shop name', u'value': u'Prisma'}, {u'name': u'Weight', u'value': u'1 kg'}, {u'name': u'Price', u'value': u'50 p'}]}, {u'name': u'Milk', u'parameters': [{u'name': u'Shop name', u'value': u'Lenta'}, {u'name': u'Volume', u'value': u'1 l'}, {u'name': u'Price', u'value': u'49,90 p'}]}, {u'name': u'Bread', u'parameters': [{u'name': u'Shop name', u'value': u'Prisma'}, {u'name': u'Number', u'value': u'1 '}, {u'name': u'Price', u'value': u'15 p'}, {u'name': u'Name', u'value': u'Darnitckii'}]}]}}
INFO:werkzeug: * Running on http://localhost:4000/ (Press CTRL+C to quit)
INFO:root:{u'products': {u'eatable': [{u'name': u'Sugar', u'parameters': [{u'name': u'Shop name', u'value': u'Prisma'}, {u'name': u'Weight', u'value': u'1 kg'}, {u'name': u'Price', u'value': u'50 p'}]}, {u'name': u'Milk', u'parameters': [{u'name': u'Shop name', u'value': u'Lenta'}, {u'name': u'Volume', u'value': u'1 l'}, {u'name': u'Price', u'value': u'49,90 p'}]}, {u'name': u'Bread', u'parameters': [{u'name': u'Shop name', u'value': u'Prisma'}, {u'name': u'Number', u'value': u'1 '}, {u'name': u'Price', u'value': u'15 p'}, {u'name': u'Name', u'value': u'Darnitckii'}]}], u'alcohol': [{u'name': u'Vodka', u'parameters': [{u'name': u'Shop name', u'value': u'Lenta'}, {u'name': u'Volume', u'value': u'1 l'}, {u'name': u'Price', u'value': u'149,90 p'}]}, {u'name': u'Beer', u'parameters': [{u'name': u'Shop name', u'value': u'Lenta'}, {u'name': u'Volume', u'value': u'1 l'}, {u'name': u'Price', u'value': u'49,90 p'}]}]}}
INFO:werkzeug: * Running on http://localhost:4000/ (Press CTRL+C to quit)
INFO:root:{u'products': {u'eatable': [{u'name': u'Sugar', u'parameters': [{u'name': u'Shop name', u'value': u'Prisma'}, {u'name': u'Weight', u'value': u'1 kg'}, {u'name': u'Price', u'value': u'50 p'}]}, {u'name': u'Milk', u'parameters': [{u'name': u'Shop name', u'value': u'Lenta'}, {u'name': u'Volume', u'value': u'1 l'}, {u'name': u'Price', u'value': u'49,90 p'}]}, {u'name': u'Bread', u'parameters': [{u'name': u'Shop name', u'value': u'Prisma'}, {u'name': u'Number', u'value': u'1 '}, {u'name': u'Price', u'value': u'15 p'}, {u'name': u'Name', u'value': u'Darnitckii'}]}], u'alcohol': [{u'name': u'Vodka', u'parameters': [{u'name': u'Shop name', u'value': u'Lenta'}, {u'name': u'Volume', u'value': u'1 l'}, {u'name': u'Price', u'value': u'149,90 p'}]}, {u'name': u'Beer', u'parameters': [{u'name': u'Shop name', u'value': u'Lenta'}, {u'name': u'Volume', u'value': u'1 l'}, {u'name': u'Price', u'value': u'49,90 p'}]}]}}
INFO:werkzeug: * Running on http://localhost:4000/ (Press CTRL+C to quit)
INFO:root:{u'products': {u'eatable': [{u'name': u'Sugar', u'parameters': [{u'name': u'Shop name', u'value': u'Prisma'}, {u'name': u'Weight', u'value': u'1 kg'}, {u'name': u'Price', u'value': u'50 p'}]}, {u'name': u'Milk', u'parameters': [{u'name': u'Shop name', u'value': u'Lenta'}, {u'name': u'Volume', u'value': u'1 l'}, {u'name': u'Price', u'value': u'49,90 p'}]}, {u'name': u'Bread', u'parameters': [{u'name': u'Shop name', u'value': u'Prisma'}, {u'name': u'Number', u'value': u'1 '}, {u'name': u'Price', u'value': u'15 p'}, {u'name': u'Name', u'value': u'Darnitckii'}]}], u'alcohol': [{u'name': u'Vodka', u'parameters': [{u'name': u'Shop name', u'value': u'Lenta'}, {u'name': u'Volume', u'value': u'1 l'}, {u'name': u'Price', u'value': u'149,90 p'}]}, {u'name': u'Beer', u'parameters': [{u'name': u'Shop name', u'value': u'Lenta'}, {u'name': u'Volume', u'value': u'1 l'}, {u'name': u'Price', u'value': u'49,90 p'}]}]}}
INFO:werkzeug: * Running on http://localhost:4000/ (Press CTRL+C to quit)
INFO:root:{u'products': {u'eatable': [{u'name': u'Sugar', u'parameters': [{u'name': u'Shop name', u'value': u'Prisma'}, {u'name': u'Weight', u'value': u'1 kg'}, {u'name': u'Price', u'value': u'50 p'}]}, {u'name': u'Milk', u'parameters': [{u'name': u'Shop name', u'value': u'Lenta'}, {u'name': u'Volume', u'value': u'1 l'}, {u'name': u'Price', u'value': u'49,90 p'}]}, {u'name': u'Bread', u'parameters': [{u'name': u'Shop name', u'value': u'Prisma'}, {u'name': u'Number', u'value': u'1 '}, {u'name': u'Price', u'value': u'15 p'}, {u'name': u'Name', u'value': u'Darnitckii'}]}], u'alcohol': [{u'name': u'Vodka', u'parameters': [{u'name': u'Shop name', u'value': u'Lenta'}, {u'name': u'Volume', u'value': u'1 l'}, {u'name': u'Price', u'value': u'149,90 p'}]}, {u'name': u'Beer', u'parameters': [{u'name': u'Shop name', u'value': u'Lenta'}, {u'name': u'Volume', u'value': u'1 l'}, {u'name': u'Price', u'value': u'49,90 p'}]}]}}
INFO:root:eatable products: 
INFO:werkzeug: * Running on http://localhost:4000/ (Press CTRL+C to quit)
INFO:root:{u'products': {u'eatable': [{u'name': u'Sugar', u'parameters': [{u'name': u'Shop name', u'value': u'Prisma'}, {u'name': u'Weight', u'value': u'1 kg'}, {u'name': u'Price', u'value': u'50 p'}]}, {u'name': u'Milk', u'parameters': [{u'name': u'Shop name', u'value': u'Lenta'}, {u'name': u'Volume', u'value': u'1 l'}, {u'name': u'Price', u'value': u'49,90 p'}]}, {u'name': u'Bread', u'parameters': [{u'name': u'Shop name', u'value': u'Prisma'}, {u'name': u'Number', u'value': u'1 '}, {u'name': u'Price', u'value': u'15 p'}, {u'name': u'Name', u'value': u'Darnitckii'}]}], u'alcohol': [{u'name': u'Vodka', u'parameters': [{u'name': u'Shop name', u'value': u'Lenta'}, {u'name': u'Volume', u'value': u'1 l'}, {u'name': u'Price', u'value': u'149,90 p'}]}, {u'name': u'Beer', u'parameters': [{u'name': u'Shop name', u'value': u'Lenta'}, {u'name': u'Volume', u'value': u'1 l'}, {u'name': u'Price', u'value': u'49,90 p'}]}]}}
INFO:root:eatable products: 
INFO:werkzeug: * Running on http://localhost:4000/ (Press CTRL+C to quit)
INFO:root:{u'products': {u'eatable': [{u'name': u'Sugar', u'parameters': [{u'name': u'Shop name', u'value': u'Prisma'}, {u'name': u'Weight', u'value': u'1 kg'}, {u'name': u'Price', u'value': u'50 p'}]}, {u'name': u'Milk', u'parameters': [{u'name': u'Shop name', u'value': u'Lenta'}, {u'name': u'Volume', u'value': u'1 l'}, {u'name': u'Price', u'value': u'49,90 p'}]}, {u'name': u'Bread', u'parameters': [{u'name': u'Shop name', u'value': u'Prisma'}, {u'name': u'Number', u'value': u'1 '}, {u'name': u'Price', u'value': u'15 p'}, {u'name': u'Name', u'value': u'Darnitckii'}]}], u'alcohol': [{u'name': u'Vodka', u'parameters': [{u'name': u'Shop name', u'value': u'Lenta'}, {u'name': u'Volume', u'value': u'1 l'}, {u'name': u'Price', u'value': u'149,90 p'}]}, {u'name': u'Beer', u'parameters': [{u'name': u'Shop name', u'value': u'Lenta'}, {u'name': u'Volume', u'value': u'1 l'}, {u'name': u'Price', u'value': u'49,90 p'}]}]}}
INFO:root:{u'products': {u'eatable': [{u'name': u'Sugar', u'parameters': [{u'name': u'Shop name', u'value': u'Prisma'}, {u'name': u'Weight', u'value': u'1 kg'}, {u'name': u'Price', u'value': u'50 p'}]}, {u'name': u'Milk', u'parameters': [{u'name': u'Shop name', u'value': u'Lenta'}, {u'name': u'Volume', u'value': u'1 l'}, {u'name': u'Price', u'value': u'49,90 p'}]}, {u'name': u'Bread', u'parameters': [{u'name': u'Shop name', u'value': u'Prisma'}, {u'name': u'Number', u'value': u'1 '}, {u'name': u'Price', u'value': u'15 p'}, {u'name': u'Name', u'value': u'Darnitckii'}]}], u'alcohol': [{u'name': u'Vodka', u'parameters': [{u'name': u'Shop name', u'value': u'Lenta'}, {u'name': u'Volume', u'value': u'1 l'}, {u'name': u'Price', u'value': u'149,90 p'}]}, {u'name': u'Beer', u'parameters': [{u'name': u'Shop name', u'value': u'Lenta'}, {u'name': u'Volume', u'value': u'1 l'}, {u'name': u'Price', u'value': u'49,90 p'}]}]}}
INFO:root:eatable products: {u'eatable': [{u'name': u'Sugar', u'parameters': [{u'name': u'Shop name', u'value': u'Prisma'}, {u'name': u'Weight', u'value': u'1 kg'}, {u'name': u'Price', u'value': u'50 p'}]}, {u'name': u'Milk', u'parameters': [{u'name': u'Shop name', u'value': u'Lenta'}, {u'name': u'Volume', u'value': u'1 l'}, {u'name': u'Price', u'value': u'49,90 p'}]}, {u'name': u'Bread', u'parameters': [{u'name': u'Shop name', u'value': u'Prisma'}, {u'name': u'Number', u'value': u'1 '}, {u'name': u'Price', u'value': u'15 p'}, {u'name': u'Name', u'value': u'Darnitckii'}]}], u'alcohol': [{u'name': u'Vodka', u'parameters': [{u'name': u'Shop name', u'value': u'Lenta'}, {u'name': u'Volume', u'value': u'1 l'}, {u'name': u'Price', u'value': u'149,90 p'}]}, {u'name': u'Beer', u'parameters': [{u'name': u'Shop name', u'value': u'Lenta'}, {u'name': u'Volume', u'value': u'1 l'}, {u'name': u'Price', u'value': u'49,90 p'}]}]}
INFO:werkzeug: * Running on http://localhost:4000/ (Press CTRL+C to quit)
INFO:root:{u'products': {u'eatable': [{u'name': u'Sugar', u'parameters': [{u'name': u'Shop name', u'value': u'Prisma'}, {u'name': u'Weight', u'value': u'1 kg'}, {u'name': u'Price', u'value': u'50 p'}]}, {u'name': u'Milk', u'parameters': [{u'name': u'Shop name', u'value': u'Lenta'}, {u'name': u'Volume', u'value': u'1 l'}, {u'name': u'Price', u'value': u'49,90 p'}]}, {u'name': u'Bread', u'parameters': [{u'name': u'Shop name', u'value': u'Prisma'}, {u'name': u'Number', u'value': u'1 '}, {u'name': u'Price', u'value': u'15 p'}, {u'name': u'Name', u'value': u'Darnitckii'}]}], u'alcohol': [{u'name': u'Vodka', u'parameters': [{u'name': u'Shop name', u'value': u'Lenta'}, {u'name': u'Volume', u'value': u'1 l'}, {u'name': u'Price', u'value': u'149,90 p'}]}, {u'name': u'Beer', u'parameters': [{u'name': u'Shop name', u'value': u'Lenta'}, {u'name': u'Volume', u'value': u'1 l'}, {u'name': u'Price', u'value': u'49,90 p'}]}]}}
INFO:root:eatable products: [{u'name': u'Sugar', u'parameters': [{u'name': u'Shop name', u'value': u'Prisma'}, {u'name': u'Weight', u'value': u'1 kg'}, {u'name': u'Price', u'value': u'50 p'}]}, {u'name': u'Milk', u'parameters': [{u'name': u'Shop name', u'value': u'Lenta'}, {u'name': u'Volume', u'value': u'1 l'}, {u'name': u'Price', u'value': u'49,90 p'}]}, {u'name': u'Bread', u'parameters': [{u'name': u'Shop name', u'value': u'Prisma'}, {u'name': u'Number', u'value': u'1 '}, {u'name': u'Price', u'value': u'15 p'}, {u'name': u'Name', u'value': u'Darnitckii'}]}]
INFO:root:alcohol products: [{u'name': u'Vodka', u'parameters': [{u'name': u'Shop name', u'value': u'Lenta'}, {u'name': u'Volume', u'value': u'1 l'}, {u'name': u'Price', u'value': u'149,90 p'}]}, {u'name': u'Beer', u'parameters': [{u'name': u'Shop name', u'value': u'Lenta'}, {u'name': u'Volume', u'value': u'1 l'}, {u'name': u'Price', u'value': u'49,90 p'}]}]
INFO:werkzeug: * Running on http://localhost:4000/ (Press CTRL+C to quit)
INFO:root:{u'products': {u'eatable': [{u'name': u'Sugar', u'parameters': [{u'name': u'Shop name', u'value': u'Prisma'}, {u'name': u'Weight', u'value': u'1 kg'}, {u'name': u'Price', u'value': u'50 p'}]}, {u'name': u'Milk', u'parameters': [{u'name': u'Shop name', u'value': u'Lenta'}, {u'name': u'Volume', u'value': u'1 l'}, {u'name': u'Price', u'value': u'49,90 p'}]}, {u'name': u'Bread', u'parameters': [{u'name': u'Shop name', u'value': u'Prisma'}, {u'name': u'Number', u'value': u'1 '}, {u'name': u'Price', u'value': u'15 p'}, {u'name': u'Name', u'value': u'Darnitckii'}]}], u'alcohol': [{u'name': u'Vodka', u'parameters': [{u'name': u'Shop name', u'value': u'Lenta'}, {u'name': u'Volume', u'value': u'1 l'}, {u'name': u'Price', u'value': u'149,90 p'}]}, {u'name': u'Beer', u'parameters': [{u'name': u'Shop name', u'value': u'Lenta'}, {u'name': u'Volume', u'value': u'1 l'}, {u'name': u'Price', u'value': u'49,90 p'}]}]}}
INFO:root:eatable products: [{u'name': u'Sugar', u'parameters': [{u'name': u'Shop name', u'value': u'Prisma'}, {u'name': u'Weight', u'value': u'1 kg'}, {u'name': u'Price', u'value': u'50 p'}]}, {u'name': u'Milk', u'parameters': [{u'name': u'Shop name', u'value': u'Lenta'}, {u'name': u'Volume', u'value': u'1 l'}, {u'name': u'Price', u'value': u'49,90 p'}]}, {u'name': u'Bread', u'parameters': [{u'name': u'Shop name', u'value': u'Prisma'}, {u'name': u'Number', u'value': u'1 '}, {u'name': u'Price', u'value': u'15 p'}, {u'name': u'Name', u'value': u'Darnitckii'}]}]
INFO:root:alcohol products: [{u'name': u'Vodka', u'parameters': [{u'name': u'Shop name', u'value': u'Lenta'}, {u'name': u'Volume', u'value': u'1 l'}, {u'name': u'Price', u'value': u'149,90 p'}]}, {u'name': u'Beer', u'parameters': [{u'name': u'Shop name', u'value': u'Lenta'}, {u'name': u'Volume', u'value': u'1 l'}, {u'name': u'Price', u'value': u'49,90 p'}]}]
INFO:werkzeug: * Running on http://localhost:4000/ (Press CTRL+C to quit)
INFO:werkzeug:127.0.0.1 - - [26/Aug/2016 15:35:00] "POST / HTTP/1.1" 500 -
ERROR:werkzeug:Error on request:
Traceback (most recent call last):
  File "/usr/lib/python2.7/site-packages/werkzeug/serving.py", line 193, in run_wsgi
    execute(self.server.app)
  File "/usr/lib/python2.7/site-packages/werkzeug/serving.py", line 181, in execute
    application_iter = app(environ, start_response)
TypeError: unbound method application() must be called with ServerJson instance as first argument (got dict instance instead)
INFO:werkzeug:127.0.0.1 - - [26/Aug/2016 16:07:17] "POST / HTTP/1.1" 500 -
ERROR:werkzeug:Error on request:
Traceback (most recent call last):
  File "/usr/lib/python2.7/site-packages/werkzeug/serving.py", line 193, in run_wsgi
    execute(self.server.app)
  File "/usr/lib/python2.7/site-packages/werkzeug/serving.py", line 181, in execute
    application_iter = app(environ, start_response)
TypeError: unbound method application() must be called with ServerJson instance as first argument (got dict instance instead)
INFO:root:{u'products': {u'eatable': [{u'name': u'Sugar', u'parameters': [{u'name': u'Shop name', u'value': u'Prisma'}, {u'name': u'Weight', u'value': u'1 kg'}, {u'name': u'Price', u'value': u'50 p'}]}, {u'name': u'Milk', u'parameters': [{u'name': u'Shop name', u'value': u'Lenta'}, {u'name': u'Volume', u'value': u'1 l'}, {u'name': u'Price', u'value': u'49,90 p'}]}, {u'name': u'Bread', u'parameters': [{u'name': u'Shop name', u'value': u'Prisma'}, {u'name': u'Number', u'value': u'1 '}, {u'name': u'Price', u'value': u'15 p'}, {u'name': u'Name', u'value': u'Darnitckii'}]}], u'alcohol': [{u'name': u'Vodka', u'parameters': [{u'name': u'Shop name', u'value': u'Lenta'}, {u'name': u'Volume', u'value': u'1 l'}, {u'name': u'Price', u'value': u'149,90 p'}]}, {u'name': u'Beer', u'parameters': [{u'name': u'Shop name', u'value': u'Lenta'}, {u'name': u'Volume', u'value': u'1 l'}, {u'name': u'Price', u'value': u'49,90 p'}]}]}}
INFO:root:eatable products: [{u'name': u'Sugar', u'parameters': [{u'name': u'Shop name', u'value': u'Prisma'}, {u'name': u'Weight', u'value': u'1 kg'}, {u'name': u'Price', u'value': u'50 p'}]}, {u'name': u'Milk', u'parameters': [{u'name': u'Shop name', u'value': u'Lenta'}, {u'name': u'Volume', u'value': u'1 l'}, {u'name': u'Price', u'value': u'49,90 p'}]}, {u'name': u'Bread', u'parameters': [{u'name': u'Shop name', u'value': u'Prisma'}, {u'name': u'Number', u'value': u'1 '}, {u'name': u'Price', u'value': u'15 p'}, {u'name': u'Name', u'value': u'Darnitckii'}]}]
INFO:root:alcohol products: [{u'name': u'Vodka', u'parameters': [{u'name': u'Shop name', u'value': u'Lenta'}, {u'name': u'Volume', u'value': u'1 l'}, {u'name': u'Price', u'value': u'149,90 p'}]}, {u'name': u'Beer', u'parameters': [{u'name': u'Shop name', u'value': u'Lenta'}, {u'name': u'Volume', u'value': u'1 l'}, {u'name': u'Price', u'value': u'49,90 p'}]}]
INFO:werkzeug: * Running on http://localhost:4000/ (Press CTRL+C to quit)
INFO:werkzeug:127.0.0.1 - - [26/Aug/2016 22:21:16] "POST / HTTP/1.1" 500 -
ERROR:werkzeug:Error on request:
Traceback (most recent call last):
  File "/usr/lib/python2.7/site-packages/werkzeug/serving.py", line 193, in run_wsgi
    execute(self.server.app)
  File "/usr/lib/python2.7/site-packages/werkzeug/serving.py", line 181, in execute
    application_iter = app(environ, start_response)
TypeError: unbound method application() must be called with ServerJson instance as first argument (got dict instance instead)
INFO:werkzeug:127.0.0.1 - - [26/Aug/2016 22:23:00] "POST / HTTP/1.1" 500 -
ERROR:werkzeug:Error on request:
Traceback (most recent call last):
  File "/usr/lib/python2.7/site-packages/werkzeug/serving.py", line 193, in run_wsgi
    execute(self.server.app)
  File "/usr/lib/python2.7/site-packages/werkzeug/serving.py", line 181, in execute
    application_iter = app(environ, start_response)
TypeError: unbound method application() must be called with ServerJson instance as first argument (got dict instance instead)
INFO:root:{u'products': {u'eatable': [{u'name': u'Sugar', u'parameters': [{u'name': u'Shop name', u'value': u'Prisma'}, {u'name': u'Weight', u'value': u'1 kg'}, {u'name': u'Price', u'value': u'50 p'}]}, {u'name': u'Milk', u'parameters': [{u'name': u'Shop name', u'value': u'Lenta'}, {u'name': u'Volume', u'value': u'1 l'}, {u'name': u'Price', u'value': u'49,90 p'}]}, {u'name': u'Bread', u'parameters': [{u'name': u'Shop name', u'value': u'Prisma'}, {u'name': u'Number', u'value': u'1 '}, {u'name': u'Price', u'value': u'15 p'}, {u'name': u'Name', u'value': u'Darnitckii'}]}], u'alcohol': [{u'name': u'Vodka', u'parameters': [{u'name': u'Shop name', u'value': u'Lenta'}, {u'name': u'Volume', u'value': u'1 l'}, {u'name': u'Price', u'value': u'149,90 p'}]}, {u'name': u'Beer', u'parameters': [{u'name': u'Shop name', u'value': u'Lenta'}, {u'name': u'Volume', u'value': u'1 l'}, {u'name': u'Price', u'value': u'49,90 p'}]}]}}
INFO:root:eatable products: [{u'name': u'Sugar', u'parameters': [{u'name': u'Shop name', u'value': u'Prisma'}, {u'name': u'Weight', u'value': u'1 kg'}, {u'name': u'Price', u'value': u'50 p'}]}, {u'name': u'Milk', u'parameters': [{u'name': u'Shop name', u'value': u'Lenta'}, {u'name': u'Volume', u'value': u'1 l'}, {u'name': u'Price', u'value': u'49,90 p'}]}, {u'name': u'Bread', u'parameters': [{u'name': u'Shop name', u'value': u'Prisma'}, {u'name': u'Number', u'value': u'1 '}, {u'name': u'Price', u'value': u'15 p'}, {u'name': u'Name', u'value': u'Darnitckii'}]}]
INFO:root:alcohol products: [{u'name': u'Vodka', u'parameters': [{u'name': u'Shop name', u'value': u'Lenta'}, {u'name': u'Volume', u'value': u'1 l'}, {u'name': u'Price', u'value': u'149,90 p'}]}, {u'name': u'Beer', u'parameters': [{u'name': u'Shop name', u'value': u'Lenta'}, {u'name': u'Volume', u'value': u'1 l'}, {u'name': u'Price', u'value': u'49,90 p'}]}]
INFO:werkzeug: * Running on http://localhost:4000/ (Press CTRL+C to quit)
INFO:root:{"jsonrpc": "2.0", "params": [], "method": "get_alcohol_products", "id": 0}
INFO:root:<jsonrpc.jsonrpc2.JSONRPC20Response object at 0x7f82a4c12150>
INFO:root:{"jsonrpc": "2.0", "id": 0, "error": {"message": "Invalid params", "code": -32602, "data": {"message": "get_alcohol_products() takes exactly 1 argument (0 given)", "args": ["get_alcohol_products() takes exactly 1 argument (0 given)"], "type": "TypeError"}}}
INFO:werkzeug:127.0.0.1 - - [27/Aug/2016 16:18:28] "POST / HTTP/1.1" 200 -
INFO:root:{"jsonrpc": "2.0", "params": [], "method": "get_alcohol_products", "id": 0}
INFO:root:<jsonrpc.jsonrpc2.JSONRPC20Response object at 0x7f82a4c123d0>
INFO:root:{"jsonrpc": "2.0", "id": 0, "error": {"message": "Invalid params", "code": -32602, "data": {"message": "get_alcohol_products() takes exactly 1 argument (0 given)", "args": ["get_alcohol_products() takes exactly 1 argument (0 given)"], "type": "TypeError"}}}
INFO:werkzeug:127.0.0.1 - - [27/Aug/2016 16:19:54] "POST / HTTP/1.1" 200 -
INFO:root:{u'products': {u'eatable': [{u'name': u'Sugar', u'parameters': [{u'name': u'Shop name', u'value': u'Prisma'}, {u'name': u'Weight', u'value': u'1 kg'}, {u'name': u'Price', u'value': u'50 p'}]}, {u'name': u'Milk', u'parameters': [{u'name': u'Shop name', u'value': u'Lenta'}, {u'name': u'Volume', u'value': u'1 l'}, {u'name': u'Price', u'value': u'49,90 p'}]}, {u'name': u'Bread', u'parameters': [{u'name': u'Shop name', u'value': u'Prisma'}, {u'name': u'Number', u'value': u'1 '}, {u'name': u'Price', u'value': u'15 p'}, {u'name': u'Name', u'value': u'Darnitckii'}]}], u'alcohol': [{u'name': u'Vodka', u'parameters': [{u'name': u'Shop name', u'value': u'Lenta'}, {u'name': u'Volume', u'value': u'1 l'}, {u'name': u'Price', u'value': u'149,90 p'}]}, {u'name': u'Beer', u'parameters': [{u'name': u'Shop name', u'value': u'Lenta'}, {u'name': u'Volume', u'value': u'1 l'}, {u'name': u'Price', u'value': u'49,90 p'}]}]}}
INFO:root:eatable products: [{u'name': u'Sugar', u'parameters': [{u'name': u'Shop name', u'value': u'Prisma'}, {u'name': u'Weight', u'value': u'1 kg'}, {u'name': u'Price', u'value': u'50 p'}]}, {u'name': u'Milk', u'parameters': [{u'name': u'Shop name', u'value': u'Lenta'}, {u'name': u'Volume', u'value': u'1 l'}, {u'name': u'Price', u'value': u'49,90 p'}]}, {u'name': u'Bread', u'parameters': [{u'name': u'Shop name', u'value': u'Prisma'}, {u'name': u'Number', u'value': u'1 '}, {u'name': u'Price', u'value': u'15 p'}, {u'name': u'Name', u'value': u'Darnitckii'}]}]
INFO:root:alcohol products: [{u'name': u'Vodka', u'parameters': [{u'name': u'Shop name', u'value': u'Lenta'}, {u'name': u'Volume', u'value': u'1 l'}, {u'name': u'Price', u'value': u'149,90 p'}]}, {u'name': u'Beer', u'parameters': [{u'name': u'Shop name', u'value': u'Lenta'}, {u'name': u'Volume', u'value': u'1 l'}, {u'name': u'Price', u'value': u'49,90 p'}]}]
INFO:werkzeug: * Running on http://localhost:4000/ (Press CTRL+C to quit)
INFO:root:{"jsonrpc": "2.0", "params": [], "method": "get_alcohol_products", "id": 0}
INFO:root:<jsonrpc.jsonrpc2.JSONRPC20Response object at 0x7fc41fe50150>
INFO:root:{"jsonrpc": "2.0", "id": 0, "error": {"message": "Invalid params", "code": -32602, "data": {"message": "get_alcohol_products() takes exactly 1 argument (0 given)", "args": ["get_alcohol_products() takes exactly 1 argument (0 given)"], "type": "TypeError"}}}
INFO:werkzeug:127.0.0.1 - - [27/Aug/2016 16:41:53] "POST / HTTP/1.1" 200 -
INFO:root:{"jsonrpc": "2.0", "params": ["echoyou"], "method": "get_alcohol_products", "id": 0}
ERROR:jsonrpc.manager:API Exception: {'message': "'unicode' object has no attribute 'json_object'", 'args': ("'unicode' object has no attribute 'json_object'",), 'type': 'AttributeError'}
Traceback (most recent call last):
  File "/usr/lib/python2.7/site-packages/jsonrpc/manager.py", line 108, in _get_responses
    result = method(*request.args, **request.kwargs)
  File "/home/mike/Documents/python/WebServiceShop/source/ServerJson.py", line 57, in get_alcohol_products
    return self.json_object["products"]["alcohol"]
AttributeError: 'unicode' object has no attribute 'json_object'
INFO:root:<jsonrpc.jsonrpc2.JSONRPC20Response object at 0x7fc41fe50410>
INFO:root:{"jsonrpc": "2.0", "id": 0, "error": {"message": "Server error", "code": -32000, "data": {"message": "'unicode' object has no attribute 'json_object'", "args": ["'unicode' object has no attribute 'json_object'"], "type": "AttributeError"}}}
INFO:werkzeug:127.0.0.1 - - [27/Aug/2016 16:42:57] "POST / HTTP/1.1" 200 -
INFO:root:{u'products': {u'eatable': [{u'name': u'Sugar', u'parameters': [{u'name': u'Shop name', u'value': u'Prisma'}, {u'name': u'Weight', u'value': u'1 kg'}, {u'name': u'Price', u'value': u'50 p'}]}, {u'name': u'Milk', u'parameters': [{u'name': u'Shop name', u'value': u'Lenta'}, {u'name': u'Volume', u'value': u'1 l'}, {u'name': u'Price', u'value': u'49,90 p'}]}, {u'name': u'Bread', u'parameters': [{u'name': u'Shop name', u'value': u'Prisma'}, {u'name': u'Number', u'value': u'1 '}, {u'name': u'Price', u'value': u'15 p'}, {u'name': u'Name', u'value': u'Darnitckii'}]}], u'alcohol': [{u'name': u'Vodka', u'parameters': [{u'name': u'Shop name', u'value': u'Lenta'}, {u'name': u'Volume', u'value': u'1 l'}, {u'name': u'Price', u'value': u'149,90 p'}]}, {u'name': u'Beer', u'parameters': [{u'name': u'Shop name', u'value': u'Lenta'}, {u'name': u'Volume', u'value': u'1 l'}, {u'name': u'Price', u'value': u'49,90 p'}]}]}}
INFO:root:eatable products: [{u'name': u'Sugar', u'parameters': [{u'name': u'Shop name', u'value': u'Prisma'}, {u'name': u'Weight', u'value': u'1 kg'}, {u'name': u'Price', u'value': u'50 p'}]}, {u'name': u'Milk', u'parameters': [{u'name': u'Shop name', u'value': u'Lenta'}, {u'name': u'Volume', u'value': u'1 l'}, {u'name': u'Price', u'value': u'49,90 p'}]}, {u'name': u'Bread', u'parameters': [{u'name': u'Shop name', u'value': u'Prisma'}, {u'name': u'Number', u'value': u'1 '}, {u'name': u'Price', u'value': u'15 p'}, {u'name': u'Name', u'value': u'Darnitckii'}]}]
INFO:root:alcohol products: [{u'name': u'Vodka', u'parameters': [{u'name': u'Shop name', u'value': u'Lenta'}, {u'name': u'Volume', u'value': u'1 l'}, {u'name': u'Price', u'value': u'149,90 p'}]}, {u'name': u'Beer', u'parameters': [{u'name': u'Shop name', u'value': u'Lenta'}, {u'name': u'Volume', u'value': u'1 l'}, {u'name': u'Price', u'value': u'49,90 p'}]}]
INFO:werkzeug: * Running on http://localhost:4000/ (Press CTRL+C to quit)
INFO:root:{"jsonrpc": "2.0", "params": ["echoyou"], "method": "get_alcohol_products", "id": 0}
INFO:root:<jsonrpc.jsonrpc2.JSONRPC20Response object at 0x7f142e539210>
INFO:root:{"jsonrpc": "2.0", "result": "echoyou", "id": 0}
INFO:werkzeug:127.0.0.1 - - [27/Aug/2016 16:45:49] "POST / HTTP/1.1" 200 -
INFO:root:{u'products': {u'eatable': [{u'name': u'Sugar', u'parameters': [{u'name': u'Shop name', u'value': u'Prisma'}, {u'name': u'Weight', u'value': u'1 kg'}, {u'name': u'Price', u'value': u'50 p'}]}, {u'name': u'Milk', u'parameters': [{u'name': u'Shop name', u'value': u'Lenta'}, {u'name': u'Volume', u'value': u'1 l'}, {u'name': u'Price', u'value': u'49,90 p'}]}, {u'name': u'Bread', u'parameters': [{u'name': u'Shop name', u'value': u'Prisma'}, {u'name': u'Number', u'value': u'1 '}, {u'name': u'Price', u'value': u'15 p'}, {u'name': u'Name', u'value': u'Darnitckii'}]}], u'alcohol': [{u'name': u'Vodka', u'parameters': [{u'name': u'Shop name', u'value': u'Lenta'}, {u'name': u'Volume', u'value': u'1 l'}, {u'name': u'Price', u'value': u'149,90 p'}]}, {u'name': u'Beer', u'parameters': [{u'name': u'Shop name', u'value': u'Lenta'}, {u'name': u'Volume', u'value': u'1 l'}, {u'name': u'Price', u'value': u'49,90 p'}]}]}}
INFO:root:eatable products: [{u'name': u'Sugar', u'parameters': [{u'name': u'Shop name', u'value': u'Prisma'}, {u'name': u'Weight', u'value': u'1 kg'}, {u'name': u'Price', u'value': u'50 p'}]}, {u'name': u'Milk', u'parameters': [{u'name': u'Shop name', u'value': u'Lenta'}, {u'name': u'Volume', u'value': u'1 l'}, {u'name': u'Price', u'value': u'49,90 p'}]}, {u'name': u'Bread', u'parameters': [{u'name': u'Shop name', u'value': u'Prisma'}, {u'name': u'Number', u'value': u'1 '}, {u'name': u'Price', u'value': u'15 p'}, {u'name': u'Name', u'value': u'Darnitckii'}]}]
INFO:root:alcohol products: [{u'name': u'Vodka', u'parameters': [{u'name': u'Shop name', u'value': u'Lenta'}, {u'name': u'Volume', u'value': u'1 l'}, {u'name': u'Price', u'value': u'149,90 p'}]}, {u'name': u'Beer', u'parameters': [{u'name': u'Shop name', u'value': u'Lenta'}, {u'name': u'Volume', u'value': u'1 l'}, {u'name': u'Price', u'value': u'49,90 p'}]}]
INFO:werkzeug: * Running on http://localhost:4000/ (Press CTRL+C to quit)
INFO:root:{"jsonrpc": "2.0", "params": ["echoyou"], "method": "get_alcohol_products", "id": 0}
INFO:root:<jsonrpc.jsonrpc2.JSONRPC20Response object at 0x7f92b8dcc1d0>
INFO:root:{"jsonrpc": "2.0", "id": 0, "error": {"message": "Invalid params", "code": -32602, "data": {"message": "get_alcohol_products() takes exactly 1 argument (2 given)", "args": ["get_alcohol_products() takes exactly 1 argument (2 given)"], "type": "TypeError"}}}
INFO:werkzeug:127.0.0.1 - - [27/Aug/2016 16:46:55] "POST / HTTP/1.1" 200 -
INFO:root:{"jsonrpc": "2.0", "params": [], "method": "get_alcohol_products", "id": 0}
INFO:root:<jsonrpc.jsonrpc2.JSONRPC20Response object at 0x7f92b8dcc410>
INFO:root:{"jsonrpc": "2.0", "result": [{"name": "Vodka", "parameters": [{"name": "Shop name", "value": "Lenta"}, {"name": "Volume", "value": "1 l"}, {"name": "Price", "value": "149,90 p"}]}, {"name": "Beer", "parameters": [{"name": "Shop name", "value": "Lenta"}, {"name": "Volume", "value": "1 l"}, {"name": "Price", "value": "49,90 p"}]}], "id": 0}
INFO:werkzeug:127.0.0.1 - - [27/Aug/2016 16:47:42] "POST / HTTP/1.1" 200 -
INFO:root:{u'products': {u'eatable': [{u'name': u'Sugar', u'parameters': [{u'name': u'Shop name', u'value': u'Prisma'}, {u'name': u'Weight', u'value': u'1 kg'}, {u'name': u'Price', u'value': u'50 p'}]}, {u'name': u'Milk', u'parameters': [{u'name': u'Shop name', u'value': u'Lenta'}, {u'name': u'Volume', u'value': u'1 l'}, {u'name': u'Price', u'value': u'49,90 p'}]}, {u'name': u'Bread', u'parameters': [{u'name': u'Shop name', u'value': u'Prisma'}, {u'name': u'Number', u'value': u'1 '}, {u'name': u'Price', u'value': u'15 p'}, {u'name': u'Name', u'value': u'Darnitckii'}]}], u'alcohol': [{u'name': u'Vodka', u'parameters': [{u'name': u'Shop name', u'value': u'Lenta'}, {u'name': u'Volume', u'value': u'1 l'}, {u'name': u'Price', u'value': u'149,90 p'}]}, {u'name': u'Beer', u'parameters': [{u'name': u'Shop name', u'value': u'Lenta'}, {u'name': u'Volume', u'value': u'1 l'}, {u'name': u'Price', u'value': u'49,90 p'}]}]}}
INFO:root:eatable products: [{u'name': u'Sugar', u'parameters': [{u'name': u'Shop name', u'value': u'Prisma'}, {u'name': u'Weight', u'value': u'1 kg'}, {u'name': u'Price', u'value': u'50 p'}]}, {u'name': u'Milk', u'parameters': [{u'name': u'Shop name', u'value': u'Lenta'}, {u'name': u'Volume', u'value': u'1 l'}, {u'name': u'Price', u'value': u'49,90 p'}]}, {u'name': u'Bread', u'parameters': [{u'name': u'Shop name', u'value': u'Prisma'}, {u'name': u'Number', u'value': u'1 '}, {u'name': u'Price', u'value': u'15 p'}, {u'name': u'Name', u'value': u'Darnitckii'}]}]
INFO:root:alcohol products: [{u'name': u'Vodka', u'parameters': [{u'name': u'Shop name', u'value': u'Lenta'}, {u'name': u'Volume', u'value': u'1 l'}, {u'name': u'Price', u'value': u'149,90 p'}]}, {u'name': u'Beer', u'parameters': [{u'name': u'Shop name', u'value': u'Lenta'}, {u'name': u'Volume', u'value': u'1 l'}, {u'name': u'Price', u'value': u'49,90 p'}]}]
INFO:werkzeug: * Running on http://localhost:4000/ (Press CTRL+C to quit)
INFO:root:{"jsonrpc": "2.0", "params": [], "method": "get_alcohol_products", "id": 0}
INFO:root:<jsonrpc.jsonrpc2.JSONRPC20Response object at 0x7f6119fab190>
INFO:root:{"jsonrpc": "2.0", "result": [{"name": "Vodka", "parameters": [{"name": "Shop name", "value": "Lenta"}, {"name": "Volume", "value": "1 l"}, {"name": "Price", "value": "149,90 p"}]}, {"name": "Beer", "parameters": [{"name": "Shop name", "value": "Lenta"}, {"name": "Volume", "value": "1 l"}, {"name": "Price", "value": "49,90 p"}]}], "id": 0}
INFO:werkzeug:127.0.0.1 - - [27/Aug/2016 16:52:33] "POST / HTTP/1.1" 200 -
INFO:root:{"jsonrpc": "2.0", "params": [], "method": "get_alcohol_products", "id": 0}
INFO:root:<jsonrpc.jsonrpc2.JSONRPC20Response object at 0x7f6119fab410>
INFO:root:{"jsonrpc": "2.0", "result": [{"name": "Vodka", "parameters": [{"name": "Shop name", "value": "Lenta"}, {"name": "Volume", "value": "1 l"}, {"name": "Price", "value": "149,90 p"}]}, {"name": "Beer", "parameters": [{"name": "Shop name", "value": "Lenta"}, {"name": "Volume", "value": "1 l"}, {"name": "Price", "value": "49,90 p"}]}], "id": 0}
INFO:werkzeug:127.0.0.1 - - [27/Aug/2016 16:53:16] "POST / HTTP/1.1" 200 -
INFO:root:{"jsonrpc": "2.0", "params": [], "method": "get_eatable_products", "id": 0}
INFO:root:<jsonrpc.jsonrpc2.JSONRPC20Response object at 0x7f6119fab610>
INFO:root:{"jsonrpc": "2.0", "result": [{"name": "Sugar", "parameters": [{"name": "Shop name", "value": "Prisma"}, {"name": "Weight", "value": "1 kg"}, {"name": "Price", "value": "50 p"}]}, {"name": "Milk", "parameters": [{"name": "Shop name", "value": "Lenta"}, {"name": "Volume", "value": "1 l"}, {"name": "Price", "value": "49,90 p"}]}, {"name": "Bread", "parameters": [{"name": "Shop name", "value": "Prisma"}, {"name": "Number", "value": "1 "}, {"name": "Price", "value": "15 p"}, {"name": "Name", "value": "Darnitckii"}]}], "id": 0}
INFO:werkzeug:127.0.0.1 - - [27/Aug/2016 16:53:16] "POST / HTTP/1.1" 200 -
INFO:root:{"jsonrpc": "2.0", "params": [], "method": "get_products", "id": 0}
INFO:root:{u'products': {u'eatable': [{u'name': u'Sugar', u'parameters': [{u'name': u'Shop name', u'value': u'Prisma'}, {u'name': u'Weight', u'value': u'1 kg'}, {u'name': u'Price', u'value': u'50 p'}]}, {u'name': u'Milk', u'parameters': [{u'name': u'Shop name', u'value': u'Lenta'}, {u'name': u'Volume', u'value': u'1 l'}, {u'name': u'Price', u'value': u'49,90 p'}]}, {u'name': u'Bread', u'parameters': [{u'name': u'Shop name', u'value': u'Prisma'}, {u'name': u'Number', u'value': u'1 '}, {u'name': u'Price', u'value': u'15 p'}, {u'name': u'Name', u'value': u'Darnitckii'}]}], u'alcohol': [{u'name': u'Vodka', u'parameters': [{u'name': u'Shop name', u'value': u'Lenta'}, {u'name': u'Volume', u'value': u'1 l'}, {u'name': u'Price', u'value': u'149,90 p'}]}, {u'name': u'Beer', u'parameters': [{u'name': u'Shop name', u'value': u'Lenta'}, {u'name': u'Volume', u'value': u'1 l'}, {u'name': u'Price', u'value': u'49,90 p'}]}]}}
INFO:root:<jsonrpc.jsonrpc2.JSONRPC20Response object at 0x7f6119fab810>
INFO:root:{"jsonrpc": "2.0", "result": {"products": {"eatable": [{"name": "Sugar", "parameters": [{"name": "Shop name", "value": "Prisma"}, {"name": "Weight", "value": "1 kg"}, {"name": "Price", "value": "50 p"}]}, {"name": "Milk", "parameters": [{"name": "Shop name", "value": "Lenta"}, {"name": "Volume", "value": "1 l"}, {"name": "Price", "value": "49,90 p"}]}, {"name": "Bread", "parameters": [{"name": "Shop name", "value": "Prisma"}, {"name": "Number", "value": "1 "}, {"name": "Price", "value": "15 p"}, {"name": "Name", "value": "Darnitckii"}]}], "alcohol": [{"name": "Vodka", "parameters": [{"name": "Shop name", "value": "Lenta"}, {"name": "Volume", "value": "1 l"}, {"name": "Price", "value": "149,90 p"}]}, {"name": "Beer", "parameters": [{"name": "Shop name", "value": "Lenta"}, {"name": "Volume", "value": "1 l"}, {"name": "Price", "value": "49,90 p"}]}]}}, "id": 0}
INFO:werkzeug:127.0.0.1 - - [27/Aug/2016 16:53:16] "POST / HTTP/1.1" 200 -
INFO:root:{"jsonrpc": "2.0", "params": [], "method": "get_alcohol_products", "id": 0}
INFO:root:<jsonrpc.jsonrpc2.JSONRPC20Response object at 0x7f6119faba90>
INFO:root:{"jsonrpc": "2.0", "result": [{"name": "Vodka", "parameters": [{"name": "Shop name", "value": "Lenta"}, {"name": "Volume", "value": "1 l"}, {"name": "Price", "value": "149,90 p"}]}, {"name": "Beer", "parameters": [{"name": "Shop name", "value": "Lenta"}, {"name": "Volume", "value": "1 l"}, {"name": "Price", "value": "49,90 p"}]}], "id": 0}
INFO:werkzeug:127.0.0.1 - - [27/Aug/2016 16:53:43] "POST / HTTP/1.1" 200 -
INFO:root:{"jsonrpc": "2.0", "params": [], "method": "get_eatable_products", "id": 0}
INFO:root:<jsonrpc.jsonrpc2.JSONRPC20Response object at 0x7f6119fabcd0>
INFO:root:{"jsonrpc": "2.0", "result": [{"name": "Sugar", "parameters": [{"name": "Shop name", "value": "Prisma"}, {"name": "Weight", "value": "1 kg"}, {"name": "Price", "value": "50 p"}]}, {"name": "Milk", "parameters": [{"name": "Shop name", "value": "Lenta"}, {"name": "Volume", "value": "1 l"}, {"name": "Price", "value": "49,90 p"}]}, {"name": "Bread", "parameters": [{"name": "Shop name", "value": "Prisma"}, {"name": "Number", "value": "1 "}, {"name": "Price", "value": "15 p"}, {"name": "Name", "value": "Darnitckii"}]}], "id": 0}
INFO:werkzeug:127.0.0.1 - - [27/Aug/2016 16:53:43] "POST / HTTP/1.1" 200 -
INFO:root:{"jsonrpc": "2.0", "params": [], "method": "get_products", "id": 0}
INFO:root:{u'products': {u'eatable': [{u'name': u'Sugar', u'parameters': [{u'name': u'Shop name', u'value': u'Prisma'}, {u'name': u'Weight', u'value': u'1 kg'}, {u'name': u'Price', u'value': u'50 p'}]}, {u'name': u'Milk', u'parameters': [{u'name': u'Shop name', u'value': u'Lenta'}, {u'name': u'Volume', u'value': u'1 l'}, {u'name': u'Price', u'value': u'49,90 p'}]}, {u'name': u'Bread', u'parameters': [{u'name': u'Shop name', u'value': u'Prisma'}, {u'name': u'Number', u'value': u'1 '}, {u'name': u'Price', u'value': u'15 p'}, {u'name': u'Name', u'value': u'Darnitckii'}]}], u'alcohol': [{u'name': u'Vodka', u'parameters': [{u'name': u'Shop name', u'value': u'Lenta'}, {u'name': u'Volume', u'value': u'1 l'}, {u'name': u'Price', u'value': u'149,90 p'}]}, {u'name': u'Beer', u'parameters': [{u'name': u'Shop name', u'value': u'Lenta'}, {u'name': u'Volume', u'value': u'1 l'}, {u'name': u'Price', u'value': u'49,90 p'}]}]}}
INFO:root:<jsonrpc.jsonrpc2.JSONRPC20Response object at 0x7f6119fabed0>
INFO:root:{"jsonrpc": "2.0", "result": {"products": {"eatable": [{"name": "Sugar", "parameters": [{"name": "Shop name", "value": "Prisma"}, {"name": "Weight", "value": "1 kg"}, {"name": "Price", "value": "50 p"}]}, {"name": "Milk", "parameters": [{"name": "Shop name", "value": "Lenta"}, {"name": "Volume", "value": "1 l"}, {"name": "Price", "value": "49,90 p"}]}, {"name": "Bread", "parameters": [{"name": "Shop name", "value": "Prisma"}, {"name": "Number", "value": "1 "}, {"name": "Price", "value": "15 p"}, {"name": "Name", "value": "Darnitckii"}]}], "alcohol": [{"name": "Vodka", "parameters": [{"name": "Shop name", "value": "Lenta"}, {"name": "Volume", "value": "1 l"}, {"name": "Price", "value": "149,90 p"}]}, {"name": "Beer", "parameters": [{"name": "Shop name", "value": "Lenta"}, {"name": "Volume", "value": "1 l"}, {"name": "Price", "value": "49,90 p"}]}]}}, "id": 0}
INFO:werkzeug:127.0.0.1 - - [27/Aug/2016 16:53:43] "POST / HTTP/1.1" 200 -
INFO:root:{"jsonrpc": "2.0", "params": [], "method": "get_alcohol_products", "id": 0}
INFO:root:<jsonrpc.jsonrpc2.JSONRPC20Response object at 0x7f6119fc0190>
INFO:root:{"jsonrpc": "2.0", "result": [{"name": "Vodka", "parameters": [{"name": "Shop name", "value": "Lenta"}, {"name": "Volume", "value": "1 l"}, {"name": "Price", "value": "149,90 p"}]}, {"name": "Beer", "parameters": [{"name": "Shop name", "value": "Lenta"}, {"name": "Volume", "value": "1 l"}, {"name": "Price", "value": "49,90 p"}]}], "id": 0}
INFO:werkzeug:127.0.0.1 - - [27/Aug/2016 16:53:58] "POST / HTTP/1.1" 200 -
INFO:root:{"jsonrpc": "2.0", "params": [], "method": "get_eatable_products", "id": 0}
INFO:root:<jsonrpc.jsonrpc2.JSONRPC20Response object at 0x7f6119fc03d0>
INFO:root:{"jsonrpc": "2.0", "result": [{"name": "Sugar", "parameters": [{"name": "Shop name", "value": "Prisma"}, {"name": "Weight", "value": "1 kg"}, {"name": "Price", "value": "50 p"}]}, {"name": "Milk", "parameters": [{"name": "Shop name", "value": "Lenta"}, {"name": "Volume", "value": "1 l"}, {"name": "Price", "value": "49,90 p"}]}, {"name": "Bread", "parameters": [{"name": "Shop name", "value": "Prisma"}, {"name": "Number", "value": "1 "}, {"name": "Price", "value": "15 p"}, {"name": "Name", "value": "Darnitckii"}]}], "id": 0}
INFO:werkzeug:127.0.0.1 - - [27/Aug/2016 16:53:58] "POST / HTTP/1.1" 200 -
INFO:root:{"jsonrpc": "2.0", "params": [], "method": "get_products", "id": 0}
INFO:root:{u'products': {u'eatable': [{u'name': u'Sugar', u'parameters': [{u'name': u'Shop name', u'value': u'Prisma'}, {u'name': u'Weight', u'value': u'1 kg'}, {u'name': u'Price', u'value': u'50 p'}]}, {u'name': u'Milk', u'parameters': [{u'name': u'Shop name', u'value': u'Lenta'}, {u'name': u'Volume', u'value': u'1 l'}, {u'name': u'Price', u'value': u'49,90 p'}]}, {u'name': u'Bread', u'parameters': [{u'name': u'Shop name', u'value': u'Prisma'}, {u'name': u'Number', u'value': u'1 '}, {u'name': u'Price', u'value': u'15 p'}, {u'name': u'Name', u'value': u'Darnitckii'}]}], u'alcohol': [{u'name': u'Vodka', u'parameters': [{u'name': u'Shop name', u'value': u'Lenta'}, {u'name': u'Volume', u'value': u'1 l'}, {u'name': u'Price', u'value': u'149,90 p'}]}, {u'name': u'Beer', u'parameters': [{u'name': u'Shop name', u'value': u'Lenta'}, {u'name': u'Volume', u'value': u'1 l'}, {u'name': u'Price', u'value': u'49,90 p'}]}]}}
INFO:root:<jsonrpc.jsonrpc2.JSONRPC20Response object at 0x7f6119fc05d0>
INFO:root:{"jsonrpc": "2.0", "result": {"products": {"eatable": [{"name": "Sugar", "parameters": [{"name": "Shop name", "value": "Prisma"}, {"name": "Weight", "value": "1 kg"}, {"name": "Price", "value": "50 p"}]}, {"name": "Milk", "parameters": [{"name": "Shop name", "value": "Lenta"}, {"name": "Volume", "value": "1 l"}, {"name": "Price", "value": "49,90 p"}]}, {"name": "Bread", "parameters": [{"name": "Shop name", "value": "Prisma"}, {"name": "Number", "value": "1 "}, {"name": "Price", "value": "15 p"}, {"name": "Name", "value": "Darnitckii"}]}], "alcohol": [{"name": "Vodka", "parameters": [{"name": "Shop name", "value": "Lenta"}, {"name": "Volume", "value": "1 l"}, {"name": "Price", "value": "149,90 p"}]}, {"name": "Beer", "parameters": [{"name": "Shop name", "value": "Lenta"}, {"name": "Volume", "value": "1 l"}, {"name": "Price", "value": "49,90 p"}]}]}}, "id": 0}
INFO:werkzeug:127.0.0.1 - - [27/Aug/2016 16:53:58] "POST / HTTP/1.1" 200 -
